d:\documents\minecraft2\base code(1)\base code\crate\x64\debug\vc141.pdb
d:\documents\minecraft2\base code(1)\base code\crate\x64\debug\vc141.idb
d:\documents\minecraft2\base code(1)\base code\crate\x64\debug\d3dapp.obj
d:\documents\minecraft2\base code(1)\base code\crate\x64\debug\d3dutil.obj
d:\documents\minecraft2\base code(1)\base code\crate\x64\debug\ddstextureloader.obj
d:\documents\minecraft2\base code(1)\base code\crate\x64\debug\gametimer.obj
d:\documents\minecraft2\base code(1)\base code\crate\x64\debug\geometrygenerator.obj
d:\documents\minecraft2\base code(1)\base code\crate\x64\debug\mathhelper.obj
d:\documents\minecraft2\base code(1)\base code\crate\x64\debug\crateapp.obj
d:\documents\minecraft2\base code(1)\base code\crate\x64\debug\frameresource.obj
d:\documents\minecraft2\base code(1)\base code\crate\x64\debug\perlinnoise.obj
d:\documents\minecraft2\base code(1)\base code\crate\x64\debug\lab 6 - textured crate.ilk
d:\documents\minecraft2\base code(1)\base code\crate\x64\debug\lab 6 - textured crate.exe
d:\documents\minecraft2\base code(1)\base code\crate\x64\debug\lab 6 - textured crate.pdb
c:\users\cgf15kym\desktop\base code-20170403t122252z-001\base code\crate\x64\debug\crateapp.obj
c:\users\cgf15kym\desktop\base code-20170403t122252z-001\base code\crate\x64\debug\d3dapp.obj
c:\users\cgf15kym\desktop\base code-20170403t122252z-001\base code\crate\x64\debug\d3dutil.obj
c:\users\cgf15kym\desktop\base code-20170403t122252z-001\base code\crate\x64\debug\ddstextureloader.obj
c:\users\cgf15kym\desktop\base code-20170403t122252z-001\base code\crate\x64\debug\frameresource.obj
c:\users\cgf15kym\desktop\base code-20170403t122252z-001\base code\crate\x64\debug\gametimer.obj
c:\users\cgf15kym\desktop\base code-20170403t122252z-001\base code\crate\x64\debug\geometrygenerator.obj
c:\users\cgf15kym\desktop\base code-20170403t122252z-001\base code\crate\x64\debug\mathhelper.obj
c:\users\cgf15kym\desktop\base code-20170403t122252z-001\base code\crate\x64\debug\perlinnoise.obj
c:\users\cgf15kym\desktop\base code-20170403t122252z-001\base code\crate\x64\debug\lab 6 - textured crate.ilk
c:\users\cgf15kym\desktop\base code-20170403t122252z-001\base code\crate\x64\debug\lnk{7ef2c4dd-b473-48ae-be30-7c7d24165662}.tmp
c:\users\cgf15kym\desktop\base code-20170403t122252z-001\base code\crate\x64\debug\vc140.idb
c:\users\cgf15kym\desktop\base code-20170403t122252z-001\base code\crate\x64\debug\vc141.idb
c:\users\cgf15kym\desktop\base code-20170403t122252z-001\base code\crate\x64\debug\lab 6 - textured crate.pdb
c:\users\cgf15kym\desktop\base code-20170403t122252z-001\base code\crate\x64\debug\vc140.pdb
c:\users\cgf15kym\desktop\base code-20170403t122252z-001\base code\crate\x64\debug\vc141.pdb
c:\users\cgf15kym\desktop\base code-20170403t122252z-001\base code\crate\x64\debug\lab 6 - textured crate.exe
c:\users\cgf15kym\desktop\base code-20170403t122252z-001\base code\crate\x64\debug\lab 6 - .99bad649.tlog\cl.command.1.tlog
c:\users\cgf15kym\desktop\base code-20170403t122252z-001\base code\crate\x64\debug\lab 6 - .99bad649.tlog\cl.read.1.tlog
c:\users\cgf15kym\desktop\base code-20170403t122252z-001\base code\crate\x64\debug\lab 6 - .99bad649.tlog\cl.write.1.tlog
c:\users\cgf15kym\desktop\base code-20170403t122252z-001\base code\crate\x64\debug\lab 6 - .99bad649.tlog\link.command.1.tlog
c:\users\cgf15kym\desktop\base code-20170403t122252z-001\base code\crate\x64\debug\lab 6 - .99bad649.tlog\link.delete.1.tlog
c:\users\cgf15kym\desktop\base code-20170403t122252z-001\base code\crate\x64\debug\lab 6 - .99bad649.tlog\link.read.1.tlog
c:\users\cgf15kym\desktop\base code-20170403t122252z-001\base code\crate\x64\debug\lab 6 - .99bad649.tlog\link.write.1.tlog
