c:\users\cgf15hoc\desktop\minecraft2.2.3 - flowers\fixed\minecraft2.1.8 fixed mem leak\base code\crate\x64\release\vc140.pdb
c:\users\cgf15hoc\desktop\minecraft2.2.3 - flowers\fixed\minecraft2.1.8 fixed mem leak\base code\crate\x64\release\perlinnoise.obj
c:\users\cgf15hoc\desktop\minecraft2.2.3 - flowers\fixed\minecraft2.1.8 fixed mem leak\base code\crate\x64\release\frameresource.obj
c:\users\cgf15hoc\desktop\minecraft2.2.3 - flowers\fixed\minecraft2.1.8 fixed mem leak\base code\crate\x64\release\crateapp.obj
c:\users\cgf15hoc\desktop\minecraft2.2.3 - flowers\fixed\minecraft2.1.8 fixed mem leak\base code\crate\x64\release\mathhelper.obj
c:\users\cgf15hoc\desktop\minecraft2.2.3 - flowers\fixed\minecraft2.1.8 fixed mem leak\base code\crate\x64\release\geometrygenerator.obj
c:\users\cgf15hoc\desktop\minecraft2.2.3 - flowers\fixed\minecraft2.1.8 fixed mem leak\base code\crate\x64\release\gametimer.obj
c:\users\cgf15hoc\desktop\minecraft2.2.3 - flowers\fixed\minecraft2.1.8 fixed mem leak\base code\crate\x64\release\ddstextureloader.obj
c:\users\cgf15hoc\desktop\minecraft2.2.3 - flowers\fixed\minecraft2.1.8 fixed mem leak\base code\crate\x64\release\d3dutil.obj
c:\users\cgf15hoc\desktop\minecraft2.2.3 - flowers\fixed\minecraft2.1.8 fixed mem leak\base code\crate\x64\release\d3dapp.obj
c:\users\cgf15hoc\desktop\minecraft2.2.3 - flowers\fixed\minecraft2.1.8 fixed mem leak\base code\crate\x64\release\camera.obj
c:\users\cgf15hoc\desktop\minecraft2.2.3 - flowers\fixed\minecraft2.1.8 fixed mem leak\base code\crate\x64\release\lab 6 - textured crate.exe
c:\users\cgf15hoc\desktop\minecraft2.2.3 - flowers\fixed\minecraft2.1.8 fixed mem leak\base code\crate\x64\release\lab 6 - textured crate.ipdb
c:\users\cgf15hoc\desktop\minecraft2.2.3 - flowers\fixed\minecraft2.1.8 fixed mem leak\base code\crate\x64\release\lab 6 - textured crate.iobj
c:\users\cgf15hoc\desktop\minecraft2.2.3 - flowers\fixed\minecraft2.1.8 fixed mem leak\base code\crate\x64\release\lab 6 - textured crate.pdb
c:\users\cgf15hoc\desktop\minecraft2.2.3 - flowers\fixed\minecraft2.1.8 fixed mem leak\base code\crate\x64\release\lab 6 - .99bad649.tlog\cl.command.1.tlog
c:\users\cgf15hoc\desktop\minecraft2.2.3 - flowers\fixed\minecraft2.1.8 fixed mem leak\base code\crate\x64\release\lab 6 - .99bad649.tlog\cl.read.1.tlog
c:\users\cgf15hoc\desktop\minecraft2.2.3 - flowers\fixed\minecraft2.1.8 fixed mem leak\base code\crate\x64\release\lab 6 - .99bad649.tlog\cl.write.1.tlog
c:\users\cgf15hoc\desktop\minecraft2.2.3 - flowers\fixed\minecraft2.1.8 fixed mem leak\base code\crate\x64\release\lab 6 - .99bad649.tlog\link.command.1.tlog
c:\users\cgf15hoc\desktop\minecraft2.2.3 - flowers\fixed\minecraft2.1.8 fixed mem leak\base code\crate\x64\release\lab 6 - .99bad649.tlog\link.read.1.tlog
c:\users\cgf15hoc\desktop\minecraft2.2.3 - flowers\fixed\minecraft2.1.8 fixed mem leak\base code\crate\x64\release\lab 6 - .99bad649.tlog\link.write.1.tlog
